<?xml version="1.0" encoding="UTF-8"?>
<!-- Generated by org.testng.reporters.JUnitReportReporter -->
<testsuite hostname="ShikhaGaur" failures="0" tests="1" name="testNG.Test2" time="7.572" errors="0" timestamp="2020-12-30T10:58:20 EST" skipped="0">
  <testcase classname="testNG.Test2" name="login" time="7.572"/>
  <system-out/>
</testsuite> <!-- testNG.Test2 -->
