<?xml version="1.0" encoding="UTF-8"?>
<!-- Generated by org.testng.reporters.JUnitReportReporter -->
<testsuite hostname="ShikhaGaur" failures="0" tests="1" name="testNG.Test1" time="0.004" errors="0" timestamp="2020-12-30T10:59:43 EST" skipped="0">
  <testcase classname="testNG.Test1" name="printName" time="0.004"/>
  <system-out/>
</testsuite> <!-- testNG.Test1 -->
